#
# There is insufficient memory for the Java Runtime Environment to continue.
# Native memory allocation (malloc) failed to allocate 1119216 bytes for Chunk::new
# Possible reasons:
#   The system is out of physical RAM or swap space
#   The process is running with CompressedOops enabled, and the Java Heap may be blocking the growth of the native heap
# Possible solutions:
#   Reduce memory load on the system
#   Increase physical memory or swap space
#   Check if swap backing store is full
#   Decrease Java heap size (-Xmx/-Xms)
#   Decrease number of Java threads
#   Decrease Java thread stack sizes (-Xss)
#   Set larger code cache with -XX:ReservedCodeCacheSize=
#   JVM is running with Unscaled Compressed Oops mode in which the Java heap is
#     placed in the first 4GB address space. The Java Heap base address is the
#     maximum limit for the native heap growth. Please use -XX:HeapBaseMinAddress
#     to set the Java Heap base and to place the Java Heap above 4GB virtual address.
# This output file may be truncated or incomplete.
#
#  Out of Memory Error (allocation.cpp:389), pid=8896, tid=0x0000000000003c50
#
# JRE version: OpenJDK Runtime Environment (8.0_242-b01) (build 1.8.0_242-release-1644-b01)
# Java VM: OpenJDK 64-Bit Server VM (25.242-b01 mixed mode windows-amd64 compressed oops)
# Failed to write core dump. Minidumps are not enabled by default on client versions of Windows
#

---------------  T H R E A D  ---------------

Current thread (0x000000001a6be000):  JavaThread "C2 CompilerThread0" daemon [_thread_in_native, id=15440, stack(0x000000001ae30000,0x000000001af30000)]

Stack: [0x000000001ae30000,0x000000001af30000]
[error occurred during error reporting (printing stack bounds), id 0xc0000005]

Native frames: (J=compiled Java code, j=interpreted, Vv=VM code, C=native code)


Current CompileTask:
C2:3593450 21945       4       com.android.tools.r8.ir.optimize.l::a (590 bytes)


---------------  P R O C E S S  ---------------

Java Threads: ( => current thread )
  0x000000002b20a800 JavaThread "WorkerExecutor Queue Thread 9" [_thread_blocked, id=1392, stack(0x0000000036b60000,0x0000000036c60000)]
  0x000000002b208000 JavaThread "WorkerExecutor Queue Thread 8" [_thread_blocked, id=12696, stack(0x0000000036a60000,0x0000000036b60000)]
  0x000000002b209000 JavaThread "WorkerExecutor Queue Thread 6" [_thread_blocked, id=7096, stack(0x0000000036860000,0x0000000036960000)]
  0x000000002b20e000 JavaThread "WorkerExecutor Queue Thread 5" [_thread_blocked, id=2544, stack(0x0000000036760000,0x0000000036860000)]
  0x000000002b206800 JavaThread "WorkerExecutor Queue Thread 4" [_thread_blocked, id=2092, stack(0x0000000035e80000,0x0000000035f80000)]
  0x000000002b20d800 JavaThread "Cache worker for Java compile cache (C:\Users\KIM\AndroidStudioProjects\LoveTest\.gradle\6.1.1\javaCompile)" [_thread_blocked, id=5696, stack(0x0000000033390000,0x0000000033490000)]
  0x000000002b20c800 JavaThread "Cache worker for Java compile cache (C:\Users\KIM\.gradle\caches\6.1.1\javaCompile)" [_thread_blocked, id=19844, stack(0x0000000033290000,0x0000000033390000)]
  0x000000002b20b000 JavaThread "RMI TCP Connection(1)-127.0.0.1" daemon [_thread_in_native, id=19220, stack(0x0000000033190000,0x0000000033290000)]
  0x000000002b20c000 JavaThread "RMI Reaper" [_thread_blocked, id=2592, stack(0x000000002f760000,0x000000002f860000)]
  0x000000001a6cb800 JavaThread "RMI TCP Accept-0" daemon [_thread_in_native, id=6324, stack(0x00000000015b0000,0x00000000016b0000)]
  0x000000001a6d1800 JavaThread "GC Daemon" daemon [_thread_blocked, id=12816, stack(0x0000000033090000,0x0000000033190000)]
  0x000000001a6d0000 JavaThread "RMI RenewClean-[127.0.0.1:17031,org.jetbrains.kotlin.daemon.common.LoopbackNetworkInterface$ClientLoopbackSocketFactory@7a0c573d]" daemon [_thread_blocked, id=19384, stack(0x0000000032f90000,0x0000000033090000)]
  0x000000001a6cf800 JavaThread "RMI Scheduler(0)" daemon [_thread_blocked, id=17684, stack(0x0000000032bd0000,0x0000000032cd0000)]
  0x00000000209fc800 JavaThread "WorkerExecutor Queue Thread 3" [_thread_blocked, id=3156, stack(0x0000000036660000,0x0000000036760000)]
  0x0000000020a03800 JavaThread "WorkerExecutor Queue Thread 2" [_thread_blocked, id=11608, stack(0x0000000036560000,0x0000000036660000)]
  0x0000000020a01000 JavaThread "stdout" [_thread_in_native, id=12792, stack(0x0000000036460000,0x0000000036560000)]
  0x00000000209fa800 JavaThread "stderr" [_thread_in_native, id=20116, stack(0x0000000035b80000,0x0000000035c80000)]
  0x00000000209f9800 JavaThread "pool-7-thread-1" [_thread_blocked, id=20132, stack(0x0000000035a80000,0x0000000035b80000)]
  0x00000000209ff000 JavaThread "WorkerExecutor Queue" [_thread_blocked, id=10016, stack(0x0000000035980000,0x0000000035a80000)]
  0x00000000209f7800 JavaThread "Cache worker for execution history cache (C:\Users\KIM\AndroidStudioProjects\LoveTest\.gradle\6.1.1\executionHistory)" [_thread_blocked, id=10312, stack(0x0000000035880000,0x0000000035980000)]
  0x00000000209f9000 JavaThread "Execution worker for ':' Thread 7" [_thread_in_native, id=20048, stack(0x000000002f920000,0x000000002fa20000)]
  0x00000000209fd800 JavaThread "Execution worker for ':' Thread 6" [_thread_blocked, id=6280, stack(0x000000002e420000,0x000000002e520000)]
  0x000000002b27c800 JavaThread "Execution worker for ':' Thread 5" [_thread_blocked, id=20456, stack(0x000000002d140000,0x000000002d240000)]
  0x000000002b27b800 JavaThread "Execution worker for ':' Thread 4" [_thread_blocked, id=10160, stack(0x0000000028d00000,0x0000000028e00000)]
  0x000000002b27b000 JavaThread "Execution worker for ':' Thread 3" [_thread_blocked, id=11376, stack(0x0000000028a00000,0x0000000028b00000)]
  0x000000002b27e000 JavaThread "Execution worker for ':' Thread 2" [_thread_blocked, id=1888, stack(0x0000000028900000,0x0000000028a00000)]
  0x000000002b27d000 JavaThread "Execution worker for ':'" [_thread_blocked, id=16480, stack(0x0000000028400000,0x0000000028500000)]
  0x000000002b27f800 JavaThread "Cache worker for file content cache (C:\Users\KIM\AndroidStudioProjects\LoveTest\.gradle\6.1.1\fileContent)" [_thread_blocked, id=15076, stack(0x0000000028100000,0x0000000028200000)]
  0x000000002b27a000 JavaThread "Cache worker for Build Output Cleanup Cache (C:\Users\KIM\AndroidStudioProjects\LoveTest\.gradle\buildOutputCleanup)" [_thread_blocked, id=19152, stack(0x0000000027500000,0x0000000027600000)]
  0x000000002b279800 JavaThread "Build operations Thread 8" [_thread_blocked, id=19148, stack(0x00000000255b0000,0x00000000256b0000)]
  0x000000002b272000 JavaThread "Build operations Thread 7" [_thread_blocked, id=18508, stack(0x0000000024eb0000,0x0000000024fb0000)]
  0x000000002b275800 JavaThread "Build operations Thread 6" [_thread_blocked, id=10428, stack(0x0000000024db0000,0x0000000024eb0000)]
  0x000000002b272800 JavaThread "Build operations Thread 5" [_thread_blocked, id=15628, stack(0x0000000024cb0000,0x0000000024db0000)]
  0x000000002b278000 JavaThread "Build operations Thread 4" [_thread_blocked, id=17160, stack(0x0000000024bb0000,0x0000000024cb0000)]
  0x000000002b278800 JavaThread "Build operations Thread 3" [_thread_blocked, id=10304, stack(0x0000000024ab0000,0x0000000024bb0000)]
  0x000000002b270800 JavaThread "Build operations Thread 2" [_thread_blocked, id=20276, stack(0x00000000249b0000,0x0000000024ab0000)]
  0x000000002b277000 JavaThread "Build operations" [_thread_blocked, id=11184, stack(0x00000000248b0000,0x00000000249b0000)]
  0x000000002b274000 JavaThread "Cache worker for cache directory md-rule (C:\Users\KIM\.gradle\caches\6.1.1\md-rule)" [_thread_blocked, id=18908, stack(0x0000000023590000,0x0000000023690000)]
  0x000000002b275000 JavaThread "Cache worker for cache directory md-supplier (C:\Users\KIM\.gradle\caches\6.1.1\md-supplier)" [_thread_blocked, id=9296, stack(0x00000000219c0000,0x0000000021ac0000)]
  0x000000002b271000 JavaThread "Cache worker for file hash cache (C:\Users\KIM\AndroidStudioProjects\LoveTest\.gradle\6.1.1\fileHashes)" [_thread_blocked, id=18912, stack(0x00000000216c0000,0x00000000217c0000)]
  0x00000000207f4000 JavaThread "Cache worker for checksums cache (C:\Users\KIM\AndroidStudioProjects\LoveTest\.gradle\checksums)" [_thread_blocked, id=19196, stack(0x00000000212f0000,0x00000000213f0000)]
  0x00000000207f2800 JavaThread "Thread-80" [_thread_blocked, id=2192, stack(0x0000000020180000,0x0000000020280000)]
  0x00000000207ea000 JavaThread "Stdin handler" [_thread_blocked, id=13864, stack(0x000000001e9b0000,0x000000001eab0000)]
  0x00000000207f1000 JavaThread "Asynchronous log dispatcher for DefaultDaemonConnection: socket connection from /127.0.0.1:61766 to /127.0.0.1:61129" [_thread_blocked, id=20424, stack(0x000000001e6b0000,0x000000001e7b0000)]
  0x00000000207f0800 JavaThread "Daemon worker Thread 2" [_thread_blocked, id=17284, stack(0x000000001e5b0000,0x000000001e6b0000)]
  0x00000000207e9800 JavaThread "Cancel handler" [_thread_blocked, id=19200, stack(0x000000001e2b0000,0x000000001e3b0000)]
  0x00000000207e8800 JavaThread "Handler for socket connection from /127.0.0.1:61766 to /127.0.0.1:61129" [_thread_in_native, id=10348, stack(0x000000001e1b0000,0x000000001e2b0000)]
  0x00000000207ee000 JavaThread "Daemon Thread 2" [_thread_blocked, id=11448, stack(0x0000000001710000,0x0000000001810000)]
  0x00000000207f5000 JavaThread "Cache worker for file content cache (C:\Users\KIM\.gradle\caches\6.1.1\fileContent)" [_thread_blocked, id=19380, stack(0x00000000263b0000,0x00000000264b0000)]
  0x00000000207f2000 JavaThread "Memory manager" [_thread_blocked, id=6272, stack(0x00000000262b0000,0x00000000263b0000)]
  0x000000001a6cc800 JavaThread "Cache worker for execution history cache (C:\Users\KIM\.gradle\caches\6.1.1\executionHistory)" [_thread_blocked, id=10508, stack(0x0000000021ac0000,0x0000000021bc0000)]
  0x000000001a6ce000 JavaThread "Cache worker for file hash cache (C:\Users\KIM\.gradle\caches\6.1.1\fileHashes)" [_thread_blocked, id=6780, stack(0x000000001eeb0000,0x000000001efb0000)]
  0x000000001a6d2800 JavaThread "File lock request listener" [_thread_in_native, id=10556, stack(0x000000001edb0000,0x000000001eeb0000)]
  0x000000001bcfb800 JavaThread "Cache worker for journal cache (C:\Users\KIM\.gradle\caches\journal-1)" [_thread_blocked, id=17992, stack(0x000000001ecb0000,0x000000001edb0000)]
  0x000000001cf0e800 JavaThread "Daemon periodic checks" [_thread_blocked, id=19396, stack(0x000000001e0b0000,0x000000001e1b0000)]
  0x000000001beac000 JavaThread "Incoming local TCP Connector on port 61766" [_thread_in_native, id=9936, stack(0x000000001ded0000,0x000000001dfd0000)]
  0x000000001cd90800 JavaThread "Daemon health stats" [_thread_blocked, id=14464, stack(0x000000001ddd0000,0x000000001ded0000)]
  0x000000001a735800 JavaThread "Service Thread" daemon [_thread_blocked, id=19716, stack(0x000000001b230000,0x000000001b330000)]
  0x000000001a6ce800 JavaThread "C1 CompilerThread3" daemon [_thread_in_native, id=20428, stack(0x000000001b130000,0x000000001b230000)]
  0x000000001a6d1000 JavaThread "C2 CompilerThread2" daemon [_thread_in_native, id=2804, stack(0x000000001b030000,0x000000001b130000)]
  0x000000001a6c5000 JavaThread "C2 CompilerThread1" daemon [_thread_in_native, id=15912, stack(0x000000001af30000,0x000000001b030000)]
=>0x000000001a6be000 JavaThread "C2 CompilerThread0" daemon [_thread_in_native, id=15440, stack(0x000000001ae30000,0x000000001af30000)]
  0x000000001a6bd000 JavaThread "Attach Listener" daemon [_thread_blocked, id=1776, stack(0x000000001ad30000,0x000000001ae30000)]
  0x000000001a6bc000 JavaThread "Signal Dispatcher" daemon [_thread_blocked, id=7652, stack(0x000000001ac30000,0x000000001ad30000)]
  0x000000001a651000 JavaThread "Finalizer" daemon [_thread_blocked, id=12492, stack(0x000000001ab30000,0x000000001ac30000)]
  0x000000001a650800 JavaThread "Reference Handler" daemon [_thread_blocked, id=14524, stack(0x000000001aa30000,0x000000001ab30000)]
  0x000000000195e000 JavaThread "main" [_thread_blocked, id=18276, stack(0x00000000031d0000,0x00000000032d0000)]

Other Threads:
  0x0000000018847000 VMThread [stack: 0x000000001a530000,0x000000001a630000] [id=8044]
  0x000000001a737800 WatcherThread [stack: 0x000000001b330000,0x000000001b430000] [id=3408]

VM state:not at safepoint (normal execution)

VM Mutex/Monitor currently owned by a thread:  ([mutex/lock_event])
[0x00000000036e0cd0] CompiledIC_lock - owner thread: 0x0000000000000000

OutOfMemory and StackOverflow Exception counts:
OutOfMemoryError java_heap_errors=1

heap address: 0x0000000080000000, size: 2048 MB, Compressed Oops mode: 32-bit
Narrow klass base: 0x0000000000000000, Narrow klass shift: 3
Compressed class space size: 1073741824 Address: 0x0000000100000000

Heap:
 PSYoungGen      total 621568K, used 208789K [0x00000000d5580000, 0x0000000100000000, 0x0000000100000000)
  eden space 545280K, 38% used [0x00000000d5580000,0x00000000e2165790,0x00000000f6a00000)
  from space 76288K, 0% used [0x00000000fb580000,0x00000000fb580000,0x0000000100000000)
  to   space 76800K, 0% used [0x00000000f6a00000,0x00000000f6a00000,0x00000000fb500000)
 ParOldGen       total 284672K, used 60713K [0x0000000080000000, 0x0000000091600000, 0x00000000d5580000)
  object space 284672K, 21% used [0x0000000080000000,0x0000000083b4a480,0x0000000091600000)
 Metaspace       used 98467K, capacity 103024K, committed 104600K, reserved 1140736K
  class space    used 12830K, capacity 13647K, committed 13992K, reserved 1048576K

Card table byte_map: [0x0000000012ba0000,0x0000000012fb0000] byte_map_base: 0x00000000127a0000

Marking Bits: (ParMarkBitMap*) 0x0000000077f7f030
 Begin Bits: [0x0000000013a60000, 0x0000000015a60000)
 End Bits:   [0x0000000015a60000, 0x0000000017a60000)

Polling page: 0x0000000001480000

CodeCache: size=245760Kb used=61185Kb max_used=61203Kb free=184574Kb
 bounds [0x00000000037e0000, 0x00000000073f0000, 0x00000000127e0000]
 total_blobs=18053 nmethods=17122 adapters=840
 compilation: enabled

Compilation events (10 events):
Event: 3593.240 Thread 0x000000001a6ce800 22104       2       java.io.ObjectOutputStream::verifySubclass (99 bytes)
Event: 3593.243 Thread 0x000000001a6ce800 nmethod 22104 0x00000000073d8150 code [0x00000000073d83a0, 0x00000000073d8e38]
Event: 3593.243 Thread 0x000000001a6ce800 22107       2       org.gradle.internal.execution.history.changes.SortedMapDiffUtil::diff (360 bytes)
Event: 3593.245 Thread 0x000000001a6ce800 nmethod 22107 0x00000000073d6750 code [0x00000000073d6ae0, 0x00000000073d76e8]
Event: 3593.245 Thread 0x000000001a6ce800 22106       2       org.gradle.internal.fingerprint.impl.IgnoredPathFingerprintingStrategy$1::visitFile (43 bytes)
Event: 3593.246 Thread 0x000000001a6ce800 nmethod 22106 0x00000000073c0a50 code [0x00000000073c0be0, 0x00000000073c0e68]
Event: 3593.246 Thread 0x000000001a6ce800 22105       2       java.io.ObjectOutputStream$BlockDataOutputStream::<init> (57 bytes)
Event: 3593.247 Thread 0x000000001a6ce800 nmethod 22105 0x00000000073d6050 code [0x00000000073d61c0, 0x00000000073d6610]
Event: 3593.304 Thread 0x000000001a6ce800 22108       2       sun.nio.fs.WindowsPath::relativize (223 bytes)
Event: 3593.308 Thread 0x000000001a6ce800 nmethod 22108 0x00000000073d4810 code [0x00000000073d4aa0, 0x00000000073d5678]

GC Heap History (10 events):
Event: 104.702 GC heap before
{Heap before GC invocations=28 (full 3):
 PSYoungGen      total 642048K, used 631066K [0x00000000d5580000, 0x0000000100000000, 0x0000000100000000)
  eden space 594432K, 100% used [0x00000000d5580000,0x00000000f9a00000,0x00000000f9a00000)
  from space 47616K, 76% used [0x00000000fd180000,0x00000000ff546880,0x0000000100000000)
  to   space 52224K, 0% used [0x00000000f9a00000,0x00000000f9a00000,0x00000000fcd00000)
 ParOldGen       total 191488K, used 129835K [0x0000000080000000, 0x000000008bb00000, 0x00000000d5580000)
  object space 191488K, 67% used [0x0000000080000000,0x0000000087ecac98,0x000000008bb00000)
 Metaspace       used 81550K, capacity 86016K, committed 86040K, reserved 1124352K
  class space    used 10984K, capacity 11801K, committed 11816K, reserved 1048576K
Event: 104.869 GC heap after
Heap after GC invocations=28 (full 3):
 PSYoungGen      total 646656K, used 52201K [0x00000000d5580000, 0x0000000100000000, 0x0000000100000000)
  eden space 594432K, 0% used [0x00000000d5580000,0x00000000d5580000,0x00000000f9a00000)
  from space 52224K, 99% used [0x00000000f9a00000,0x00000000fccfa668,0x00000000fcd00000)
  to   space 52224K, 0% used [0x00000000fcd00000,0x00000000fcd00000,0x0000000100000000)
 ParOldGen       total 191488K, used 159364K [0x0000000080000000, 0x000000008bb00000, 0x00000000d5580000)
  object space 191488K, 83% used [0x0000000080000000,0x0000000089ba1340,0x000000008bb00000)
 Metaspace       used 81550K, capacity 86016K, committed 86040K, reserved 1124352K
  class space    used 10984K, capacity 11801K, committed 11816K, reserved 1048576K
}
Event: 120.411 GC heap before
{Heap before GC invocations=29 (full 3):
 PSYoungGen      total 646656K, used 646633K [0x00000000d5580000, 0x0000000100000000, 0x0000000100000000)
  eden space 594432K, 100% used [0x00000000d5580000,0x00000000f9a00000,0x00000000f9a00000)
  from space 52224K, 99% used [0x00000000f9a00000,0x00000000fccfa668,0x00000000fcd00000)
  to   space 52224K, 0% used [0x00000000fcd00000,0x00000000fcd00000,0x0000000100000000)
 ParOldGen       total 191488K, used 159364K [0x0000000080000000, 0x000000008bb00000, 0x00000000d5580000)
  object space 191488K, 83% used [0x0000000080000000,0x0000000089ba1340,0x000000008bb00000)
 Metaspace       used 85645K, capacity 90394K, committed 90648K, reserved 1128448K
  class space    used 11588K, capacity 12484K, committed 12584K, reserved 1048576K
Event: 120.530 GC heap after
Heap after GC invocations=29 (full 3):
 PSYoungGen      total 604672K, used 48145K [0x00000000d5580000, 0x0000000100000000, 0x0000000100000000)
  eden space 552448K, 0% used [0x00000000d5580000,0x00000000d5580000,0x00000000f7100000)
  from space 52224K, 92% used [0x00000000fcd00000,0x00000000ffc04778,0x0000000100000000)
  to   space 73216K, 0% used [0x00000000f7100000,0x00000000f7100000,0x00000000fb880000)
 ParOldGen       total 191488K, used 162672K [0x0000000080000000, 0x000000008bb00000, 0x00000000d5580000)
  object space 191488K, 84% used [0x0000000080000000,0x0000000089edc140,0x000000008bb00000)
 Metaspace       used 85645K, capacity 90394K, committed 90648K, reserved 1128448K
  class space    used 11588K, capacity 12484K, committed 12584K, reserved 1048576K
}
Event: 3570.731 GC heap before
{Heap before GC invocations=30 (full 3):
 PSYoungGen      total 604672K, used 600593K [0x00000000d5580000, 0x0000000100000000, 0x0000000100000000)
  eden space 552448K, 100% used [0x00000000d5580000,0x00000000f7100000,0x00000000f7100000)
  from space 52224K, 92% used [0x00000000fcd00000,0x00000000ffc04778,0x0000000100000000)
  to   space 73216K, 0% used [0x00000000f7100000,0x00000000f7100000,0x00000000fb880000)
 ParOldGen       total 191488K, used 162672K [0x0000000080000000, 0x000000008bb00000, 0x00000000d5580000)
  object space 191488K, 84% used [0x0000000080000000,0x0000000089edc140,0x000000008bb00000)
 Metaspace       used 92306K, capacity 97402K, committed 97560K, reserved 1134592K
  class space    used 12086K, capacity 13020K, committed 13096K, reserved 1048576K
Event: 3570.913 GC heap after
Heap after GC invocations=30 (full 3):
 PSYoungGen      total 604160K, used 51475K [0x00000000d5580000, 0x0000000100000000, 0x0000000100000000)
  eden space 552448K, 0% used [0x00000000d5580000,0x00000000d5580000,0x00000000f7100000)
  from space 51712K, 99% used [0x00000000f7100000,0x00000000fa344ea8,0x00000000fa380000)
  to   space 76288K, 0% used [0x00000000fb580000,0x00000000fb580000,0x0000000100000000)
 ParOldGen       total 191488K, used 162680K [0x0000000080000000, 0x000000008bb00000, 0x00000000d5580000)
  object space 191488K, 84% used [0x0000000080000000,0x0000000089ede140,0x000000008bb00000)
 Metaspace       used 92306K, capacity 97402K, committed 97560K, reserved 1134592K
  class space    used 12086K, capacity 13020K, committed 13096K, reserved 1048576K
}
Event: 3578.840 GC heap before
{Heap before GC invocations=31 (full 3):
 PSYoungGen      total 604160K, used 133607K [0x00000000d5580000, 0x0000000100000000, 0x0000000100000000)
  eden space 552448K, 14% used [0x00000000d5580000,0x00000000da5b50f0,0x00000000f7100000)
  from space 51712K, 99% used [0x00000000f7100000,0x00000000fa344ea8,0x00000000fa380000)
  to   space 76288K, 0% used [0x00000000fb580000,0x00000000fb580000,0x0000000100000000)
 ParOldGen       total 191488K, used 162680K [0x0000000080000000, 0x000000008bb00000, 0x00000000d5580000)
  object space 191488K, 84% used [0x0000000080000000,0x0000000089ede140,0x000000008bb00000)
 Metaspace       used 93435K, capacity 98532K, committed 98600K, reserved 1134592K
  class space    used 12232K, capacity 13157K, committed 13224K, reserved 1048576K
Event: 3578.993 GC heap after
Heap after GC invocations=31 (full 3):
 PSYoungGen      total 621568K, used 47569K [0x00000000d5580000, 0x0000000100000000, 0x0000000100000000)
  eden space 545280K, 0% used [0x00000000d5580000,0x00000000d5580000,0x00000000f6a00000)
  from space 76288K, 62% used [0x00000000fb580000,0x00000000fe3f44a0,0x0000000100000000)
  to   space 76800K, 0% used [0x00000000f6a00000,0x00000000f6a00000,0x00000000fb500000)
 ParOldGen       total 191488K, used 162688K [0x0000000080000000, 0x000000008bb00000, 0x00000000d5580000)
  object space 191488K, 84% used [0x0000000080000000,0x0000000089ee0140,0x000000008bb00000)
 Metaspace       used 93435K, capacity 98532K, committed 98600K, reserved 1134592K
  class space    used 12232K, capacity 13157K, committed 13224K, reserved 1048576K
}
Event: 3578.993 GC heap before
{Heap before GC invocations=32 (full 4):
 PSYoungGen      total 621568K, used 47569K [0x00000000d5580000, 0x0000000100000000, 0x0000000100000000)
  eden space 545280K, 0% used [0x00000000d5580000,0x00000000d5580000,0x00000000f6a00000)
  from space 76288K, 62% used [0x00000000fb580000,0x00000000fe3f44a0,0x0000000100000000)
  to   space 76800K, 0% used [0x00000000f6a00000,0x00000000f6a00000,0x00000000fb500000)
 ParOldGen       total 191488K, used 162688K [0x0000000080000000, 0x000000008bb00000, 0x00000000d5580000)
  object space 191488K, 84% used [0x0000000080000000,0x0000000089ee0140,0x000000008bb00000)
 Metaspace       used 93435K, capacity 98532K, committed 98600K, reserved 1134592K
  class space    used 12232K, capacity 13157K, committed 13224K, reserved 1048576K
Event: 3579.602 GC heap after
Heap after GC invocations=32 (full 4):
 PSYoungGen      total 621568K, used 0K [0x00000000d5580000, 0x0000000100000000, 0x0000000100000000)
  eden space 545280K, 0% used [0x00000000d5580000,0x00000000d5580000,0x00000000f6a00000)
  from space 76288K, 0% used [0x00000000fb580000,0x00000000fb580000,0x0000000100000000)
  to   space 76800K, 0% used [0x00000000f6a00000,0x00000000f6a00000,0x00000000fb500000)
 ParOldGen       total 284672K, used 60713K [0x0000000080000000, 0x0000000091600000, 0x00000000d5580000)
  object space 284672K, 21% used [0x0000000080000000,0x0000000083b4a480,0x0000000091600000)
 Metaspace       used 92494K, capacity 96668K, committed 98600K, reserved 1134592K
  class space    used 12032K, capacity 12791K, committed 13224K, reserved 1048576K
}

Deoptimization events (10 events):
Event: 3591.222 Thread 0x00000000209fc800 Uncommon trap: reason=class_check action=maybe_recompile pc=0x000000000670cbd0 method=com.android.tools.r8.dex.r.b()Lcom/android/tools/r8/dex/r$a; @ 1333
Event: 3591.226 Thread 0x00000000209fc800 Uncommon trap: reason=class_check action=maybe_recompile pc=0x000000000670cbe4 method=com.android.tools.r8.dex.r.b()Lcom/android/tools/r8/dex/r$a; @ 1361
Event: 3591.230 Thread 0x00000000209fc800 Uncommon trap: reason=class_check action=maybe_recompile pc=0x00000000055b62fc method=com.android.tools.r8.dex.r.a()Lcom/android/tools/r8/dex/r; @ 176
Event: 3591.231 Thread 0x00000000209fc800 Uncommon trap: reason=class_check action=maybe_recompile pc=0x000000000670cbd0 method=com.android.tools.r8.dex.r.b()Lcom/android/tools/r8/dex/r$a; @ 1333
Event: 3591.232 Thread 0x00000000209ff000 Uncommon trap: reason=unstable_if action=reinterpret pc=0x0000000006c4d318 method=java.nio.DirectByteBuffer.put([BII)Ljava/nio/ByteBuffer; @ 8
Event: 3591.236 Thread 0x00000000209fc800 Uncommon trap: reason=class_check action=maybe_recompile pc=0x000000000670cbe4 method=com.android.tools.r8.dex.r.b()Lcom/android/tools/r8/dex/r$a; @ 1361
Event: 3591.447 Thread 0x00000000209fc800 Uncommon trap: reason=class_check action=maybe_recompile pc=0x00000000055b62fc method=com.android.tools.r8.dex.r.a()Lcom/android/tools/r8/dex/r; @ 176
Event: 3591.453 Thread 0x00000000209fc800 Uncommon trap: reason=class_check action=maybe_recompile pc=0x00000000055b62fc method=com.android.tools.r8.dex.r.a()Lcom/android/tools/r8/dex/r; @ 176
Event: 3591.936 Thread 0x000000002b209000 Uncommon trap: reason=unstable_if action=reinterpret pc=0x00000000040e282c method=java.util.TimSort.mergeAt(I)V @ 170
Event: 3593.229 Thread 0x00000000209f7800 Uncommon trap: reason=unstable_if action=reinterpret pc=0x00000000071185a0 method=org.gradle.cache.internal.btree.BTreePersistentIndexedCache$DataBlock.useNewValue(Ljava/lang/Object;)Lorg/gradle/cache/internal/btree/BTreePersistentIndexedCache$DataBlockUp

Classes redefined (0 events):
No events

Internal exceptions (10 events):
Event: 3591.237 Thread 0x00000000209fc800 Exception <a 'sun/nio/fs/WindowsException'> (0x00000000dd9658b0) thrown at [C:\src\AOSP-openjdk-git\hotspot\src\share\vm\prims\jni.cpp, line 710]
Event: 3591.342 Thread 0x00000000209fc800 Exception <a 'sun/nio/fs/WindowsException'> (0x00000000dd9701b8) thrown at [C:\src\AOSP-openjdk-git\hotspot\src\share\vm\prims\jni.cpp, line 710]
Event: 3591.350 Thread 0x00000000209fc800 Exception <a 'sun/nio/fs/WindowsException'> (0x00000000dd97aae0) thrown at [C:\src\AOSP-openjdk-git\hotspot\src\share\vm\prims\jni.cpp, line 710]
Event: 3591.444 Thread 0x00000000209fc800 Exception <a 'sun/nio/fs/WindowsException'> (0x00000000df523898) thrown at [C:\src\AOSP-openjdk-git\hotspot\src\share\vm\prims\jni.cpp, line 710]
Event: 3591.448 Thread 0x00000000209fc800 Exception <a 'sun/nio/fs/WindowsException'> (0x00000000df5692b0) thrown at [C:\src\AOSP-openjdk-git\hotspot\src\share\vm\prims\jni.cpp, line 710]
Event: 3591.454 Thread 0x00000000209fc800 Exception <a 'sun/nio/fs/WindowsException'> (0x00000000df56ec50) thrown at [C:\src\AOSP-openjdk-git\hotspot\src\share\vm\prims\jni.cpp, line 710]
Event: 3591.458 Thread 0x00000000209fc800 Exception <a 'sun/nio/fs/WindowsException'> (0x00000000df576ae0) thrown at [C:\src\AOSP-openjdk-git\hotspot\src\share\vm\prims\jni.cpp, line 710]
Event: 3591.539 Thread 0x00000000209fc800 Exception <a 'sun/nio/fs/WindowsException'> (0x00000000df57e8b0) thrown at [C:\src\AOSP-openjdk-git\hotspot\src\share\vm\prims\jni.cpp, line 710]
Event: 3593.255 Thread 0x00000000209f9000 Exception <a 'java/lang/NoSuchMethodError': <clinit>> (0x00000000e1940c28) thrown at [C:\src\AOSP-openjdk-git\hotspot\src\share\vm\prims\jni.cpp, line 1615]
Event: 3593.258 Thread 0x00000000209f9000 Exception <a 'java/lang/NoSuchMethodError': <clinit>> (0x00000000e1954288) thrown at [C:\src\AOSP-openjdk-git\hotspot\src\share\vm\prims\jni.cpp, line 1615]

Events (10 events):
Event: 3593.039 Executing VM operation: RevokeBias
Event: 3593.040 Executing VM operation: RevokeBias done
Event: 3593.040 Thread 0x000000002b207800 Thread exited: 0x000000002b207800
Event: 3593.229 Thread 0x00000000209f7800 Uncommon trap: trap_request=0xffffff65 fr.pc=0x00000000071185a0
Event: 3593.229 Thread 0x00000000209f7800 DEOPT PACKING pc=0x00000000071185a0 sp=0x000000003597e9a0
Event: 3593.229 Thread 0x00000000209f7800 DEOPT UNPACKING pc=0x000000000382557b sp=0x000000003597e8a0 mode 2
Event: 3593.243 loading class org/gradle/internal/execution/history/changes/DefaultExecutionStateChangeDetector$NonIncrementalDetectedExecutionStateChanges
Event: 3593.243 loading class org/gradle/internal/execution/history/changes/DefaultExecutionStateChangeDetector$NonIncrementalDetectedExecutionStateChanges done
Event: 3593.280 Executing VM operation: RevokeBias
Event: 3593.280 Executing VM operation: RevokeBias done


Dynamic libraries:
0x00007ff69d910000 - 0x00007ff69d941000 	C:\Users\KIM\AppData\Local\JetBrains\Toolbox\apps\AndroidStudio\ch-0\193.6626763\jre\bin\java.exe
0x00007ffcad810000 - 0x00007ffcada05000 	C:\WINDOWS\SYSTEM32\ntdll.dll
0x00007ffcace60000 - 0x00007ffcacf1d000 	C:\WINDOWS\System32\KERNEL32.DLL
0x00007ffcab350000 - 0x00007ffcab617000 	C:\WINDOWS\System32\KERNELBASE.dll
0x00007ffcab920000 - 0x00007ffcab9ca000 	C:\WINDOWS\System32\ADVAPI32.dll
0x00007ffcab880000 - 0x00007ffcab91e000 	C:\WINDOWS\System32\msvcrt.dll
0x00007ffcabb30000 - 0x00007ffcabbcb000 	C:\WINDOWS\System32\sechost.dll
0x00007ffcacc50000 - 0x00007ffcacd73000 	C:\WINDOWS\System32\RPCRT4.dll
0x00007ffcac2e0000 - 0x00007ffcac480000 	C:\WINDOWS\System32\USER32.dll
0x00007ffcab650000 - 0x00007ffcab672000 	C:\WINDOWS\System32\win32u.dll
0x00007ffcabb00000 - 0x00007ffcabb2a000 	C:\WINDOWS\System32\GDI32.dll
0x00007ffcab0c0000 - 0x00007ffcab1ca000 	C:\WINDOWS\System32\gdi32full.dll
0x00007ffcab7e0000 - 0x00007ffcab87d000 	C:\WINDOWS\System32\msvcp_win.dll
0x00007ffcab680000 - 0x00007ffcab780000 	C:\WINDOWS\System32\ucrtbase.dll
0x00007ffc97e20000 - 0x00007ffc980ba000 	C:\WINDOWS\WinSxS\amd64_microsoft.windows.common-controls_6595b64144ccf1df_6.0.19041.1_none_b555e41d4684ddec\COMCTL32.dll
0x00007ffcabe40000 - 0x00007ffcabe70000 	C:\WINDOWS\System32\IMM32.DLL
0x00000000776d0000 - 0x00000000777a2000 	C:\Users\KIM\AppData\Local\JetBrains\Toolbox\apps\AndroidStudio\ch-0\193.6626763\jre\jre\bin\msvcr100.dll
0x00000000777b0000 - 0x0000000077ffb000 	C:\Users\KIM\AppData\Local\JetBrains\Toolbox\apps\AndroidStudio\ch-0\193.6626763\jre\jre\bin\server\jvm.dll
0x00007ffcabf70000 - 0x00007ffcabf78000 	C:\WINDOWS\System32\PSAPI.DLL
0x00007ffca1d90000 - 0x00007ffca1d9a000 	C:\WINDOWS\SYSTEM32\VERSION.dll
0x00007ffc92a60000 - 0x00007ffc92a87000 	C:\WINDOWS\SYSTEM32\WINMM.dll
0x00007ffca6ff0000 - 0x00007ffca6ff9000 	C:\WINDOWS\SYSTEM32\WSOCK32.dll
0x00007ffcac480000 - 0x00007ffcac4eb000 	C:\WINDOWS\System32\WS2_32.dll
0x00007ffca5c90000 - 0x00007ffca5c9f000 	C:\Users\KIM\AppData\Local\JetBrains\Toolbox\apps\AndroidStudio\ch-0\193.6626763\jre\jre\bin\verify.dll
0x00007ffca26e0000 - 0x00007ffca2709000 	C:\Users\KIM\AppData\Local\JetBrains\Toolbox\apps\AndroidStudio\ch-0\193.6626763\jre\jre\bin\java.dll
0x00007ffca4350000 - 0x00007ffca4366000 	C:\Users\KIM\AppData\Local\JetBrains\Toolbox\apps\AndroidStudio\ch-0\193.6626763\jre\jre\bin\zip.dll
0x00007ffcac510000 - 0x00007ffcacc50000 	C:\WINDOWS\System32\SHELL32.dll
0x00007ffca8d20000 - 0x00007ffca94b1000 	C:\WINDOWS\SYSTEM32\windows.storage.dll
0x00007ffcabf80000 - 0x00007ffcac2d3000 	C:\WINDOWS\System32\combase.dll
0x00007ffcaa9e0000 - 0x00007ffcaaa0c000 	C:\WINDOWS\SYSTEM32\Wldp.dll
0x00007ffcaba50000 - 0x00007ffcabafe000 	C:\WINDOWS\System32\SHCORE.dll
0x00007ffcacf20000 - 0x00007ffcacf75000 	C:\WINDOWS\System32\shlwapi.dll
0x00007ffcaaea0000 - 0x00007ffcaaebf000 	C:\WINDOWS\SYSTEM32\profapi.dll
0x00007ffca2c50000 - 0x00007ffca2c6a000 	C:\Users\KIM\AppData\Local\JetBrains\Toolbox\apps\AndroidStudio\ch-0\193.6626763\jre\jre\bin\net.dll
0x00007ffcaa760000 - 0x00007ffcaa7ca000 	C:\WINDOWS\system32\mswsock.dll
0x00007ffca27f0000 - 0x00007ffca2803000 	C:\Users\KIM\AppData\Local\JetBrains\Toolbox\apps\AndroidStudio\ch-0\193.6626763\jre\jre\bin\nio.dll
0x00007ffc9d590000 - 0x00007ffc9d5b6000 	C:\Users\KIM\.gradle\native\31\windows-amd64\native-platform.dll
0x00007ffca5c00000 - 0x00007ffca5c0d000 	C:\Users\KIM\AppData\Local\JetBrains\Toolbox\apps\AndroidStudio\ch-0\193.6626763\jre\jre\bin\management.dll
0x00007ffcaa930000 - 0x00007ffcaa948000 	C:\WINDOWS\SYSTEM32\CRYPTSP.dll
0x00007ffcaa080000 - 0x00007ffcaa0b4000 	C:\WINDOWS\system32\rsaenh.dll
0x00007ffcab620000 - 0x00007ffcab647000 	C:\WINDOWS\System32\bcrypt.dll
0x00007ffcaae20000 - 0x00007ffcaae4e000 	C:\WINDOWS\SYSTEM32\USERENV.dll
0x00007ffcab2d0000 - 0x00007ffcab34f000 	C:\WINDOWS\System32\bcryptprimitives.dll
0x00007ffcaa950000 - 0x00007ffcaa95c000 	C:\WINDOWS\SYSTEM32\CRYPTBASE.dll
0x00007ffcaa400000 - 0x00007ffcaa43b000 	C:\WINDOWS\SYSTEM32\IPHLPAPI.DLL
0x00007ffcabe70000 - 0x00007ffcabe79000 	C:\WINDOWS\System32\NSI.dll
0x00007ffca1de0000 - 0x00007ffca1df7000 	C:\WINDOWS\SYSTEM32\dhcpcsvc6.DLL
0x00007ffca1dc0000 - 0x00007ffca1ddd000 	C:\WINDOWS\SYSTEM32\dhcpcsvc.DLL
0x00007ffcaa440000 - 0x00007ffcaa50a000 	C:\WINDOWS\SYSTEM32\DNSAPI.dll

VM Arguments:
jvm_args: -Xmx2048m -Dfile.encoding=x-windows-949 -Duser.country=KR -Duser.language=ko -Duser.variant 
java_command: org.gradle.launcher.daemon.bootstrap.GradleDaemon 6.1.1
java_class_path (initial): C:\Users\KIM\.gradle\wrapper\dists\gradle-6.1.1-all\cfmwm155h49vnt3hynmlrsdst\gradle-6.1.1\lib\gradle-launcher-6.1.1.jar
Launcher Type: SUN_STANDARD

Environment Variables:
JAVA_HOME=C:\Program Files\Amazon Corretto\jdk11.0.8_10
PATH=C:\Program Files\Amazon Corretto\jdk11.0.8_10\bin;C:\ProgramData\Anaconda3;C:\ProgramData\Anaconda3\Library\mingw-w64\bin;C:\ProgramData\Anaconda3\Library\usr\bin;C:\ProgramData\Anaconda3\Library\bin;C:\ProgramData\Anaconda3\Scripts;C:\WINDOWS\system32;C:\WINDOWS;C:\WINDOWS\System32\Wbem;C:\WINDOWS\System32\WindowsPowerShell\v1.0\;C:\WINDOWS\System32\OpenSSH\;C:\ProgramData\Microsoft\Windows\Start Menu\Programs\Python 3.7;C:\Program Files\nodejs\;D:\Git\cmd;C:\Users\KIM\AppData\Local\Microsoft\WindowsApps;
USERNAME=KIM
OS=Windows_NT
PROCESSOR_IDENTIFIER=Intel64 Family 6 Model 126 Stepping 5, GenuineIntel



---------------  S Y S T E M  ---------------

OS: Windows 10.0 , 64 bit Build 19041 (10.0.19041.292)

CPU:total 8 (initial active 8) (4 cores per cpu, 2 threads per core) family 6 model 126 stepping 5, cmov, cx8, fxsr, mmx, sse, sse2, sse3, ssse3, sse4.1, sse4.2, popcnt, avx, avx2, aes, clmul, erms, 3dnowpref, lzcnt, ht, tsc, tscinvbit, bmi1, bmi2, adx

Memory: 4k page, physical 16505688k(2136852k free), swap 16505688k(5548k free)

vm_info: OpenJDK 64-Bit Server VM (25.242-b01) for windows-amd64 JRE (1.8.0_242-release-1644-b01), built by "builder" with MS VC++ 10.0 (VS2010)

time: Tue Aug 25 23:48:20 2020
timezone: 대한민국 표준시
elapsed time: 3593 seconds (0d 0h 59m 53s)

